SF:/app/lib/src/input_handler.dart
DA:5,0
DA:8,0
DA:10,0
DA:13,0
DA:14,0
DA:16,0
DA:23,1
DA:25,1
DA:27,1
DA:29,1
DA:32,1
DA:33,1
DA:38,1
DA:39,1
DA:44,1
DA:45,1
DA:51,3
DA:52,2
DA:53,1
DA:54,2
DA:55,1
DA:58,1
DA:59,0
DA:64,1
DA:65,1
LF:25
LH:18
end_of_record
SF:/app/lib/src/calculator.dart
DA:3,1
DA:5,1
DA:8,1
DA:9,1
DA:10,1
DA:14,1
DA:15,2
DA:17,2
DA:23,2
DA:25,5
DA:27,7
DA:28,2
DA:29,1
DA:31,2
DA:32,1
DA:33,2
DA:34,6
DA:35,1
DA:37,2
DA:38,2
DA:39,2
DA:40,2
DA:41,2
DA:42,1
DA:44,1
DA:46,1
DA:49,1
DA:50,1
DA:53,1
DA:56,1
DA:57,1
DA:58,1
DA:59,1
DA:62,1
DA:63,2
DA:64,1
DA:65,2
DA:66,1
DA:67,2
DA:68,1
DA:69,2
LF:41
LH:41
end_of_record
